<?xml version="1.0" encoding="UTF-8"?>
<!-- Generated by org.testng.reporters.JUnitReportReporter -->
<testsuite skipped="0" hostname="SUBHODEEP-PC" name="testCases.HybridExecuteTest" tests="1" failures="0" timestamp="24 Jul 2018 20:11:56 GMT" time="8.022" errors="0">
  <testcase name="executeTest" time="8.022" classname="testCases.HybridExecuteTest"/>
</testsuite> <!-- testCases.HybridExecuteTest -->
