<?xml version="1.0" encoding="UTF-8"?>
<!-- Generated by org.testng.reporters.JUnitReportReporter -->
<testsuite skipped="0" hostname="SUBHODEEP-PC" name="testCases.HybridExecuteTest" tests="1" failures="0" timestamp="25 Jul 2018 20:26:55 GMT" time="0.033" errors="0">
  <testcase name="executeTest" time="0.033" classname="testCases.HybridExecuteTest"/>
</testsuite> <!-- testCases.HybridExecuteTest -->
